android/app/build/intermediates/manifest_merge_blame_file/debug/manifest-merger-blame-debug-report.txt
1<?xml version="1.0" encoding="utf-8"?>
2<manifest xmlns:android="http://schemas.android.com/apk/res/android"
3    package="com.devilyesbh.tardis"
4    android:versionCode="1"
5    android:versionName="1.0" >
6
7    <uses-sdk
8        android:minSdkVersion="21"
8-->src/main/AndroidManifest.xml
9        android:targetSdkVersion="33" />
9-->src/main/AndroidManifest.xml
10
11    <queries>
11-->[com.itsaky.androidide:logsender:2.7.1-beta] AndroidManifest.xml:23:5-25:15
12        <package android:name="com.itsaky.androidide" />
12-->[com.itsaky.androidide:logsender:2.7.1-beta] AndroidManifest.xml:24:9-57
12-->[com.itsaky.androidide:logsender:2.7.1-beta] AndroidManifest.xml:24:18-54
13    </queries>
14
15    <uses-permission android:name="android.permission.INTERNET" />
15-->[com.itsaky.androidide:logsender:2.7.1-beta] AndroidManifest.xml:27:5-67
15-->[com.itsaky.androidide:logsender:2.7.1-beta] AndroidManifest.xml:27:22-64
16    <uses-permission android:name="com.itsaky.androidide.permission.BIND_LOG_SERVICE" />
16-->[com.itsaky.androidide:logsender:2.7.1-beta] AndroidManifest.xml:28:5-89
16-->[com.itsaky.androidide:logsender:2.7.1-beta] AndroidManifest.xml:28:22-86
17    <uses-permission android:name="android.permission.FOREGROUND_SERVICE" />
17-->[com.itsaky.androidide:logsender:2.7.1-beta] AndroidManifest.xml:29:5-77
17-->[com.itsaky.androidide:logsender:2.7.1-beta] AndroidManifest.xml:29:22-74
18
19    <permission
19-->[androidx.core:core:1.9.0] AndroidManifest.xml:22:5-24:47
20        android:name="com.devilyesbh.tardis.DYNAMIC_RECEIVER_NOT_EXPORTED_PERMISSION"
20-->[androidx.core:core:1.9.0] AndroidManifest.xml:23:9-81
21        android:protectionLevel="signature" />
21-->[androidx.core:core:1.9.0] AndroidManifest.xml:24:9-44
22
23    <uses-permission android:name="com.devilyesbh.tardis.DYNAMIC_RECEIVER_NOT_EXPORTED_PERMISSION" />
23-->[androidx.core:core:1.9.0] AndroidManifest.xml:26:5-97
23-->[androidx.core:core:1.9.0] AndroidManifest.xml:26:22-94
24
25    <application
25-->src/main/AndroidManifest.xml:5:5-22:19
26        android:allowBackup="true"
26-->src/main/AndroidManifest.xml:6:9-35
27        android:appComponentFactory="androidx.core.app.CoreComponentFactory"
27-->[androidx.core:core:1.9.0] AndroidManifest.xml:28:18-86
28        android:debuggable="true"
29        android:icon="@mipmap/ic_launcher"
29-->src/main/AndroidManifest.xml:7:9-43
30        android:label="@string/app_name"
30-->src/main/AndroidManifest.xml:9:9-41
31        android:roundIcon="@mipmap/ic_launcher"
31-->src/main/AndroidManifest.xml:8:9-48
32        android:supportsRtl="true"
32-->src/main/AndroidManifest.xml:10:9-35
33        android:theme="@style/AppTheme" >
33-->src/main/AndroidManifest.xml:11:9-40
34        <activity
34-->src/main/AndroidManifest.xml:12:9-21:20
35            android:name="com.devilyesbh.tardis.MainActivity"
35-->src/main/AndroidManifest.xml:13:13-40
36            android:exported="true" >
36-->src/main/AndroidManifest.xml:14:13-36
37            <intent-filter>
37-->src/main/AndroidManifest.xml:15:13-20:29
38                <action android:name="android.intent.action.MAIN" />
38-->src/main/AndroidManifest.xml:16:17-17:65
38-->src/main/AndroidManifest.xml:17:21-62
39
40                <category android:name="android.intent.category.LAUNCHER" />
40-->src/main/AndroidManifest.xml:18:17-19:71
40-->src/main/AndroidManifest.xml:19:21-68
41            </intent-filter>
42        </activity>
43
44        <provider
44-->[com.itsaky.androidide:logsender:2.7.1-beta] AndroidManifest.xml:32:9-36:40
45            android:name="com.itsaky.androidide.logsender.utils.LogSenderInstaller"
45-->[com.itsaky.androidide:logsender:2.7.1-beta] AndroidManifest.xml:33:13-84
46            android:authorities="com.devilyesbh.tardis.logsender-installer"
46-->[com.itsaky.androidide:logsender:2.7.1-beta] AndroidManifest.xml:34:13-71
47            android:enabled="@bool/logsender_enabled"
47-->[com.itsaky.androidide:logsender:2.7.1-beta] AndroidManifest.xml:35:13-54
48            android:exported="false" />
48-->[com.itsaky.androidide:logsender:2.7.1-beta] AndroidManifest.xml:36:13-37
49
50        <service
50-->[com.itsaky.androidide:logsender:2.7.1-beta] AndroidManifest.xml:38:9-41:56
51            android:name="com.itsaky.androidide.logsender.LogSenderService"
51-->[com.itsaky.androidide:logsender:2.7.1-beta] AndroidManifest.xml:39:13-76
52            android:exported="false"
52-->[com.itsaky.androidide:logsender:2.7.1-beta] AndroidManifest.xml:40:13-37
53            android:foregroundServiceType="dataSync" />
53-->[com.itsaky.androidide:logsender:2.7.1-beta] AndroidManifest.xml:41:13-53
54
55        <provider
55-->[androidx.emoji2:emoji2:1.2.0] AndroidManifest.xml:24:9-32:20
56            android:name="androidx.startup.InitializationProvider"
56-->[androidx.emoji2:emoji2:1.2.0] AndroidManifest.xml:25:13-67
57            android:authorities="com.devilyesbh.tardis.androidx-startup"
57-->[androidx.emoji2:emoji2:1.2.0] AndroidManifest.xml:26:13-68
58            android:exported="false" >
58-->[androidx.emoji2:emoji2:1.2.0] AndroidManifest.xml:27:13-37
59            <meta-data
59-->[androidx.emoji2:emoji2:1.2.0] AndroidManifest.xml:29:13-31:52
60                android:name="androidx.emoji2.text.EmojiCompatInitializer"
60-->[androidx.emoji2:emoji2:1.2.0] AndroidManifest.xml:30:17-75
61                android:value="androidx.startup" />
61-->[androidx.emoji2:emoji2:1.2.0] AndroidManifest.xml:31:17-49
62            <meta-data
62-->[androidx.lifecycle:lifecycle-process:2.4.1] AndroidManifest.xml:31:13-33:52
63                android:name="androidx.lifecycle.ProcessLifecycleInitializer"
63-->[androidx.lifecycle:lifecycle-process:2.4.1] AndroidManifest.xml:32:17-78
64                android:value="androidx.startup" />
64-->[androidx.lifecycle:lifecycle-process:2.4.1] AndroidManifest.xml:33:17-49
65        </provider>
66    </application>
67
68</manifest>